2017-07-14 12:28:37 Error: [Cake\Routing\Exception\MissingControllerException] Controller class Users could not be found.
Exception Attributes: array (
  'class' => 'Users',
  'plugin' => false,
  'prefix' => false,
  '_ext' => false,
)
Request URL: /users/users/registration
Stack Trace:
#0 D:\xampp\htdocs\health\vendor\cakephp\cakephp\src\Http\ControllerFactory.php(70): Cake\Http\ControllerFactory->missingController(Object(Cake\Http\ServerRequest))
#1 D:\xampp\htdocs\health\vendor\cakephp\cakephp\src\Http\ActionDispatcher.php(90): Cake\Http\ControllerFactory->create(Object(Cake\Http\ServerRequest), Object(Cake\Http\Response))
#2 D:\xampp\htdocs\health\vendor\cakephp\cakephp\src\Http\BaseApplication.php(78): Cake\Http\ActionDispatcher->dispatch(Object(Cake\Http\ServerRequest), Object(Cake\Http\Response))
#3 D:\xampp\htdocs\health\vendor\cakephp\cakephp\src\Http\Runner.php(65): Cake\Http\BaseApplication->__invoke(Object(Cake\Http\ServerRequest), Object(Cake\Http\Response), Object(Cake\Http\Runner))
#4 D:\xampp\htdocs\health\vendor\cakephp\cakephp\src\Routing\Middleware\RoutingMiddleware.php(59): Cake\Http\Runner->__invoke(Object(Cake\Http\ServerRequest), Object(Cake\Http\Response))
#5 D:\xampp\htdocs\health\vendor\cakephp\cakephp\src\Http\Runner.php(65): Cake\Routing\Middleware\RoutingMiddleware->__invoke(Object(Cake\Http\ServerRequest), Object(Cake\Http\Response), Object(Cake\Http\Runner))
#6 D:\xampp\htdocs\health\vendor\cakephp\cakephp\src\Routing\Middleware\AssetMiddleware.php(88): Cake\Http\Runner->__invoke(Object(Cake\Http\ServerRequest), Object(Cake\Http\Response))
#7 D:\xampp\htdocs\health\vendor\cakephp\cakephp\src\Http\Runner.php(65): Cake\Routing\Middleware\AssetMiddleware->__invoke(Object(Cake\Http\ServerRequest), Object(Cake\Http\Response), Object(Cake\Http\Runner))
#8 D:\xampp\htdocs\health\vendor\cakephp\cakephp\src\Error\Middleware\ErrorHandlerMiddleware.php(92): Cake\Http\Runner->__invoke(Object(Cake\Http\ServerRequest), Object(Cake\Http\Response))
#9 D:\xampp\htdocs\health\vendor\cakephp\cakephp\src\Http\Runner.php(65): Cake\Error\Middleware\ErrorHandlerMiddleware->__invoke(Object(Cake\Http\ServerRequest), Object(Cake\Http\Response), Object(Cake\Http\Runner))
#10 D:\xampp\htdocs\health\vendor\cakephp\debug_kit\src\Middleware\DebugKitMiddleware.php(52): Cake\Http\Runner->__invoke(Object(Cake\Http\ServerRequest), Object(Cake\Http\Response))
#11 D:\xampp\htdocs\health\vendor\cakephp\cakephp\src\Http\Runner.php(65): DebugKit\Middleware\DebugKitMiddleware->__invoke(Object(Cake\Http\ServerRequest), Object(Cake\Http\Response), Object(Cake\Http\Runner))
#12 D:\xampp\htdocs\health\vendor\cakephp\cakephp\src\Http\Runner.php(51): Cake\Http\Runner->__invoke(Object(Cake\Http\ServerRequest), Object(Cake\Http\Response))
#13 D:\xampp\htdocs\health\vendor\cakephp\cakephp\src\Http\Server.php(80): Cake\Http\Runner->run(Object(Cake\Http\MiddlewareQueue), Object(Cake\Http\ServerRequest), Object(Cake\Http\Response))
#14 D:\xampp\htdocs\health\webroot\index.php(37): Cake\Http\Server->run()
#15 {main}


2017-07-14 12:29:05 Error: [Cake\Controller\Exception\MissingActionException] Action UsersController::registration() could not be found, or is not accessible.
Exception Attributes: array (
  'controller' => 'UsersController',
  'action' => 'registration',
  'prefix' => '',
  'plugin' => 'CakeDC/Users',
)
Request URL: /users/users/registration
Stack Trace:
#0 D:\xampp\htdocs\health\vendor\cakephp\cakephp\src\Http\ActionDispatcher.php(119): Cake\Controller\Controller->invokeAction()
#1 D:\xampp\htdocs\health\vendor\cakephp\cakephp\src\Http\ActionDispatcher.php(93): Cake\Http\ActionDispatcher->_invoke(Object(CakeDC\Users\Controller\UsersController))
#2 D:\xampp\htdocs\health\vendor\cakephp\cakephp\src\Http\BaseApplication.php(78): Cake\Http\ActionDispatcher->dispatch(Object(Cake\Http\ServerRequest), Object(Cake\Http\Response))
#3 D:\xampp\htdocs\health\vendor\cakephp\cakephp\src\Http\Runner.php(65): Cake\Http\BaseApplication->__invoke(Object(Cake\Http\ServerRequest), Object(Cake\Http\Response), Object(Cake\Http\Runner))
#4 D:\xampp\htdocs\health\vendor\cakephp\cakephp\src\Routing\Middleware\RoutingMiddleware.php(59): Cake\Http\Runner->__invoke(Object(Cake\Http\ServerRequest), Object(Cake\Http\Response))
#5 D:\xampp\htdocs\health\vendor\cakephp\cakephp\src\Http\Runner.php(65): Cake\Routing\Middleware\RoutingMiddleware->__invoke(Object(Cake\Http\ServerRequest), Object(Cake\Http\Response), Object(Cake\Http\Runner))
#6 D:\xampp\htdocs\health\vendor\cakephp\cakephp\src\Routing\Middleware\AssetMiddleware.php(88): Cake\Http\Runner->__invoke(Object(Cake\Http\ServerRequest), Object(Cake\Http\Response))
#7 D:\xampp\htdocs\health\vendor\cakephp\cakephp\src\Http\Runner.php(65): Cake\Routing\Middleware\AssetMiddleware->__invoke(Object(Cake\Http\ServerRequest), Object(Cake\Http\Response), Object(Cake\Http\Runner))
#8 D:\xampp\htdocs\health\vendor\cakephp\cakephp\src\Error\Middleware\ErrorHandlerMiddleware.php(92): Cake\Http\Runner->__invoke(Object(Cake\Http\ServerRequest), Object(Cake\Http\Response))
#9 D:\xampp\htdocs\health\vendor\cakephp\cakephp\src\Http\Runner.php(65): Cake\Error\Middleware\ErrorHandlerMiddleware->__invoke(Object(Cake\Http\ServerRequest), Object(Cake\Http\Response), Object(Cake\Http\Runner))
#10 D:\xampp\htdocs\health\vendor\cakephp\debug_kit\src\Middleware\DebugKitMiddleware.php(52): Cake\Http\Runner->__invoke(Object(Cake\Http\ServerRequest), Object(Cake\Http\Response))
#11 D:\xampp\htdocs\health\vendor\cakephp\cakephp\src\Http\Runner.php(65): DebugKit\Middleware\DebugKitMiddleware->__invoke(Object(Cake\Http\ServerRequest), Object(Cake\Http\Response), Object(Cake\Http\Runner))
#12 D:\xampp\htdocs\health\vendor\cakephp\cakephp\src\Http\Runner.php(51): Cake\Http\Runner->__invoke(Object(Cake\Http\ServerRequest), Object(Cake\Http\Response))
#13 D:\xampp\htdocs\health\vendor\cakephp\cakephp\src\Http\Server.php(80): Cake\Http\Runner->run(Object(Cake\Http\MiddlewareQueue), Object(Cake\Http\ServerRequest), Object(Cake\Http\Response))
#14 D:\xampp\htdocs\health\webroot\index.php(37): Cake\Http\Server->run()
#15 {main}


2017-07-14 12:29:20 Error: [Cake\Database\Exception] SQLSTATE[42S02]: Base table or view not found: 1146 Table 'health.users' doesn't exist
Request URL: /users/users/register
Referer URL: http://health.local/login
Stack Trace:
#0 D:\xampp\htdocs\health\vendor\cakephp\cakephp\src\Database\Schema\Collection.php(97): Cake\Database\Schema\Collection->_reflect('Column', 'users', Array, Object(Cake\Database\Schema\TableSchema))
#1 D:\xampp\htdocs\health\vendor\cakephp\cakephp\src\Database\Schema\CachedCollection.php(63): Cake\Database\Schema\Collection->describe('users', Array)
#2 D:\xampp\htdocs\health\vendor\cakephp\cakephp\src\ORM\Table.php(531): Cake\Database\Schema\CachedCollection->describe('users')
#3 D:\xampp\htdocs\health\vendor\cakephp\cakephp\src\View\Form\EntityContext.php(531): Cake\ORM\Table->getSchema()
#4 D:\xampp\htdocs\health\vendor\cakephp\cakephp\src\View\Helper\FormHelper.php(1287): Cake\View\Form\EntityContext->type('username')
#5 D:\xampp\htdocs\health\vendor\cakephp\cakephp\src\View\Helper\FormHelper.php(1258): Cake\View\Helper\FormHelper->_inputType('username', Array)
#6 D:\xampp\htdocs\health\vendor\cakephp\cakephp\src\View\Helper\FormHelper.php(1083): Cake\View\Helper\FormHelper->_parseOptions('username', Array)
#7 D:\xampp\htdocs\health\vendor\cakedc\users\src\Template\Users\register.ctp(19): Cake\View\Helper\FormHelper->control('username', Array)
#8 D:\xampp\htdocs\health\vendor\cakephp\cakephp\src\View\View.php(1025): include('D:\\xampp\\htdocs...')
#9 D:\xampp\htdocs\health\vendor\cakephp\cakephp\src\View\View.php(986): Cake\View\View->_evaluate('D:\\xampp\\htdocs...', Array)
#10 D:\xampp\htdocs\health\vendor\cakephp\cakephp\src\View\View.php(610): Cake\View\View->_render('D:\\xampp\\htdocs...')
#11 D:\xampp\htdocs\health\vendor\cakephp\cakephp\src\Controller\Controller.php(623): Cake\View\View->render(NULL, NULL)
#12 D:\xampp\htdocs\health\vendor\cakephp\cakephp\src\Http\ActionDispatcher.php(125): Cake\Controller\Controller->render()
#13 D:\xampp\htdocs\health\vendor\cakephp\cakephp\src\Http\ActionDispatcher.php(93): Cake\Http\ActionDispatcher->_invoke(Object(CakeDC\Users\Controller\UsersController))
#14 D:\xampp\htdocs\health\vendor\cakephp\cakephp\src\Http\BaseApplication.php(78): Cake\Http\ActionDispatcher->dispatch(Object(Cake\Http\ServerRequest), Object(Cake\Http\Response))
#15 D:\xampp\htdocs\health\vendor\cakephp\cakephp\src\Http\Runner.php(65): Cake\Http\BaseApplication->__invoke(Object(Cake\Http\ServerRequest), Object(Cake\Http\Response), Object(Cake\Http\Runner))
#16 D:\xampp\htdocs\health\vendor\cakephp\cakephp\src\Routing\Middleware\RoutingMiddleware.php(59): Cake\Http\Runner->__invoke(Object(Cake\Http\ServerRequest), Object(Cake\Http\Response))
#17 D:\xampp\htdocs\health\vendor\cakephp\cakephp\src\Http\Runner.php(65): Cake\Routing\Middleware\RoutingMiddleware->__invoke(Object(Cake\Http\ServerRequest), Object(Cake\Http\Response), Object(Cake\Http\Runner))
#18 D:\xampp\htdocs\health\vendor\cakephp\cakephp\src\Routing\Middleware\AssetMiddleware.php(88): Cake\Http\Runner->__invoke(Object(Cake\Http\ServerRequest), Object(Cake\Http\Response))
#19 D:\xampp\htdocs\health\vendor\cakephp\cakephp\src\Http\Runner.php(65): Cake\Routing\Middleware\AssetMiddleware->__invoke(Object(Cake\Http\ServerRequest), Object(Cake\Http\Response), Object(Cake\Http\Runner))
#20 D:\xampp\htdocs\health\vendor\cakephp\cakephp\src\Error\Middleware\ErrorHandlerMiddleware.php(92): Cake\Http\Runner->__invoke(Object(Cake\Http\ServerRequest), Object(Cake\Http\Response))
#21 D:\xampp\htdocs\health\vendor\cakephp\cakephp\src\Http\Runner.php(65): Cake\Error\Middleware\ErrorHandlerMiddleware->__invoke(Object(Cake\Http\ServerRequest), Object(Cake\Http\Response), Object(Cake\Http\Runner))
#22 D:\xampp\htdocs\health\vendor\cakephp\debug_kit\src\Middleware\DebugKitMiddleware.php(52): Cake\Http\Runner->__invoke(Object(Cake\Http\ServerRequest), Object(Cake\Http\Response))
#23 D:\xampp\htdocs\health\vendor\cakephp\cakephp\src\Http\Runner.php(65): DebugKit\Middleware\DebugKitMiddleware->__invoke(Object(Cake\Http\ServerRequest), Object(Cake\Http\Response), Object(Cake\Http\Runner))
#24 D:\xampp\htdocs\health\vendor\cakephp\cakephp\src\Http\Runner.php(51): Cake\Http\Runner->__invoke(Object(Cake\Http\ServerRequest), Object(Cake\Http\Response))
#25 D:\xampp\htdocs\health\vendor\cakephp\cakephp\src\Http\Server.php(80): Cake\Http\Runner->run(Object(Cake\Http\MiddlewareQueue), Object(Cake\Http\ServerRequest), Object(Cake\Http\Response))
#26 D:\xampp\htdocs\health\webroot\index.php(37): Cake\Http\Server->run()
#27 {main}


2017-07-14 12:33:45 Error: [Cake\Database\Exception] SQLSTATE[42S02]: Base table or view not found: 1146 Table 'health.users' doesn't exist
Request URL: /users/users/register
Referer URL: http://health.local/login
Stack Trace:
#0 D:\xampp\htdocs\health\vendor\cakephp\cakephp\src\Database\Schema\Collection.php(97): Cake\Database\Schema\Collection->_reflect('Column', 'users', Array, Object(Cake\Database\Schema\TableSchema))
#1 D:\xampp\htdocs\health\vendor\cakephp\cakephp\src\Database\Schema\CachedCollection.php(63): Cake\Database\Schema\Collection->describe('users', Array)
#2 D:\xampp\htdocs\health\vendor\cakephp\cakephp\src\ORM\Table.php(531): Cake\Database\Schema\CachedCollection->describe('users')
#3 D:\xampp\htdocs\health\vendor\cakephp\cakephp\src\View\Form\EntityContext.php(531): Cake\ORM\Table->getSchema()
#4 D:\xampp\htdocs\health\vendor\cakephp\cakephp\src\View\Helper\FormHelper.php(1287): Cake\View\Form\EntityContext->type('username')
#5 D:\xampp\htdocs\health\vendor\cakephp\cakephp\src\View\Helper\FormHelper.php(1258): Cake\View\Helper\FormHelper->_inputType('username', Array)
#6 D:\xampp\htdocs\health\vendor\cakephp\cakephp\src\View\Helper\FormHelper.php(1083): Cake\View\Helper\FormHelper->_parseOptions('username', Array)
#7 D:\xampp\htdocs\health\vendor\cakedc\users\src\Template\Users\register.ctp(19): Cake\View\Helper\FormHelper->control('username', Array)
#8 D:\xampp\htdocs\health\vendor\cakephp\cakephp\src\View\View.php(1025): include('D:\\xampp\\htdocs...')
#9 D:\xampp\htdocs\health\vendor\cakephp\cakephp\src\View\View.php(986): Cake\View\View->_evaluate('D:\\xampp\\htdocs...', Array)
#10 D:\xampp\htdocs\health\vendor\cakephp\cakephp\src\View\View.php(610): Cake\View\View->_render('D:\\xampp\\htdocs...')
#11 D:\xampp\htdocs\health\vendor\cakephp\cakephp\src\Controller\Controller.php(623): Cake\View\View->render(NULL, NULL)
#12 D:\xampp\htdocs\health\vendor\cakephp\cakephp\src\Http\ActionDispatcher.php(125): Cake\Controller\Controller->render()
#13 D:\xampp\htdocs\health\vendor\cakephp\cakephp\src\Http\ActionDispatcher.php(93): Cake\Http\ActionDispatcher->_invoke(Object(CakeDC\Users\Controller\UsersController))
#14 D:\xampp\htdocs\health\vendor\cakephp\cakephp\src\Http\BaseApplication.php(78): Cake\Http\ActionDispatcher->dispatch(Object(Cake\Http\ServerRequest), Object(Cake\Http\Response))
#15 D:\xampp\htdocs\health\vendor\cakephp\cakephp\src\Http\Runner.php(65): Cake\Http\BaseApplication->__invoke(Object(Cake\Http\ServerRequest), Object(Cake\Http\Response), Object(Cake\Http\Runner))
#16 D:\xampp\htdocs\health\vendor\cakephp\cakephp\src\Routing\Middleware\RoutingMiddleware.php(59): Cake\Http\Runner->__invoke(Object(Cake\Http\ServerRequest), Object(Cake\Http\Response))
#17 D:\xampp\htdocs\health\vendor\cakephp\cakephp\src\Http\Runner.php(65): Cake\Routing\Middleware\RoutingMiddleware->__invoke(Object(Cake\Http\ServerRequest), Object(Cake\Http\Response), Object(Cake\Http\Runner))
#18 D:\xampp\htdocs\health\vendor\cakephp\cakephp\src\Routing\Middleware\AssetMiddleware.php(88): Cake\Http\Runner->__invoke(Object(Cake\Http\ServerRequest), Object(Cake\Http\Response))
#19 D:\xampp\htdocs\health\vendor\cakephp\cakephp\src\Http\Runner.php(65): Cake\Routing\Middleware\AssetMiddleware->__invoke(Object(Cake\Http\ServerRequest), Object(Cake\Http\Response), Object(Cake\Http\Runner))
#20 D:\xampp\htdocs\health\vendor\cakephp\cakephp\src\Error\Middleware\ErrorHandlerMiddleware.php(92): Cake\Http\Runner->__invoke(Object(Cake\Http\ServerRequest), Object(Cake\Http\Response))
#21 D:\xampp\htdocs\health\vendor\cakephp\cakephp\src\Http\Runner.php(65): Cake\Error\Middleware\ErrorHandlerMiddleware->__invoke(Object(Cake\Http\ServerRequest), Object(Cake\Http\Response), Object(Cake\Http\Runner))
#22 D:\xampp\htdocs\health\vendor\cakephp\debug_kit\src\Middleware\DebugKitMiddleware.php(52): Cake\Http\Runner->__invoke(Object(Cake\Http\ServerRequest), Object(Cake\Http\Response))
#23 D:\xampp\htdocs\health\vendor\cakephp\cakephp\src\Http\Runner.php(65): DebugKit\Middleware\DebugKitMiddleware->__invoke(Object(Cake\Http\ServerRequest), Object(Cake\Http\Response), Object(Cake\Http\Runner))
#24 D:\xampp\htdocs\health\vendor\cakephp\cakephp\src\Http\Runner.php(51): Cake\Http\Runner->__invoke(Object(Cake\Http\ServerRequest), Object(Cake\Http\Response))
#25 D:\xampp\htdocs\health\vendor\cakephp\cakephp\src\Http\Server.php(80): Cake\Http\Runner->run(Object(Cake\Http\MiddlewareQueue), Object(Cake\Http\ServerRequest), Object(Cake\Http\Response))
#26 D:\xampp\htdocs\health\webroot\index.php(37): Cake\Http\Server->run()
#27 {main}


2017-07-14 12:37:28 Error: Fatal Error (1): Call to undefined method Cake\Routing\Router::promote() in [D:\xampp\htdocs\health\config\routes.php, line 86]
Trace:
Cake\Error\BaseErrorHandler::handleFatalError() - CORE\src\Error\BaseErrorHandler.php, line 223
Cake\Error\BaseErrorHandler::Cake\Error\{closure}() - CORE\src\Error\BaseErrorHandler.php, line 105
[main] - [internal], line ??



2017-07-14 12:37:28 Error: [Cake\Error\FatalErrorException] Call to undefined method Cake\Routing\Router::promote() in D:\xampp\htdocs\health\config\routes.php on line 86
Stack Trace:
#0 D:\xampp\htdocs\health\vendor\cakephp\cakephp\src\Error\BaseErrorHandler.php(105): Cake\Error\BaseErrorHandler->handleFatalError(1, 'Call to undefin...', 'D:\\xampp\\htdocs...', 86)
#1 [internal function]: Cake\Error\BaseErrorHandler->Cake\Error\{closure}()
#2 {main}


2017-07-14 12:40:47 Error: [InvalidArgumentException] Missing client credentials key [identifier] from options.
Request URL: /auth/twitter
Stack Trace:
#0 D:\xampp\htdocs\health\vendor\league\oauth1-client\src\Client\Server\Server.php(63): League\OAuth1\Client\Server\Server->createClientCredentials(Array)
#1 D:\xampp\htdocs\health\vendor\cakedc\users\src\Controller\Traits\LoginTrait.php(48): League\OAuth1\Client\Server\Server->__construct(Array)
#2 D:\xampp\htdocs\health\vendor\cakephp\cakephp\src\Controller\Controller.php(440): CakeDC\Users\Controller\UsersController->twitterLogin()
#3 D:\xampp\htdocs\health\vendor\cakephp\cakephp\src\Http\ActionDispatcher.php(119): Cake\Controller\Controller->invokeAction()
#4 D:\xampp\htdocs\health\vendor\cakephp\cakephp\src\Http\ActionDispatcher.php(93): Cake\Http\ActionDispatcher->_invoke(Object(CakeDC\Users\Controller\UsersController))
#5 D:\xampp\htdocs\health\vendor\cakephp\cakephp\src\Http\BaseApplication.php(78): Cake\Http\ActionDispatcher->dispatch(Object(Cake\Http\ServerRequest), Object(Cake\Http\Response))
#6 D:\xampp\htdocs\health\vendor\cakephp\cakephp\src\Http\Runner.php(65): Cake\Http\BaseApplication->__invoke(Object(Cake\Http\ServerRequest), Object(Cake\Http\Response), Object(Cake\Http\Runner))
#7 D:\xampp\htdocs\health\vendor\cakephp\cakephp\src\Routing\Middleware\RoutingMiddleware.php(59): Cake\Http\Runner->__invoke(Object(Cake\Http\ServerRequest), Object(Cake\Http\Response))
#8 D:\xampp\htdocs\health\vendor\cakephp\cakephp\src\Http\Runner.php(65): Cake\Routing\Middleware\RoutingMiddleware->__invoke(Object(Cake\Http\ServerRequest), Object(Cake\Http\Response), Object(Cake\Http\Runner))
#9 D:\xampp\htdocs\health\vendor\cakephp\cakephp\src\Routing\Middleware\AssetMiddleware.php(88): Cake\Http\Runner->__invoke(Object(Cake\Http\ServerRequest), Object(Cake\Http\Response))
#10 D:\xampp\htdocs\health\vendor\cakephp\cakephp\src\Http\Runner.php(65): Cake\Routing\Middleware\AssetMiddleware->__invoke(Object(Cake\Http\ServerRequest), Object(Cake\Http\Response), Object(Cake\Http\Runner))
#11 D:\xampp\htdocs\health\vendor\cakephp\cakephp\src\Error\Middleware\ErrorHandlerMiddleware.php(92): Cake\Http\Runner->__invoke(Object(Cake\Http\ServerRequest), Object(Cake\Http\Response))
#12 D:\xampp\htdocs\health\vendor\cakephp\cakephp\src\Http\Runner.php(65): Cake\Error\Middleware\ErrorHandlerMiddleware->__invoke(Object(Cake\Http\ServerRequest), Object(Cake\Http\Response), Object(Cake\Http\Runner))
#13 D:\xampp\htdocs\health\vendor\cakephp\debug_kit\src\Middleware\DebugKitMiddleware.php(52): Cake\Http\Runner->__invoke(Object(Cake\Http\ServerRequest), Object(Cake\Http\Response))
#14 D:\xampp\htdocs\health\vendor\cakephp\cakephp\src\Http\Runner.php(65): DebugKit\Middleware\DebugKitMiddleware->__invoke(Object(Cake\Http\ServerRequest), Object(Cake\Http\Response), Object(Cake\Http\Runner))
#15 D:\xampp\htdocs\health\vendor\cakephp\cakephp\src\Http\Runner.php(51): Cake\Http\Runner->__invoke(Object(Cake\Http\ServerRequest), Object(Cake\Http\Response))
#16 D:\xampp\htdocs\health\vendor\cakephp\cakephp\src\Http\Server.php(80): Cake\Http\Runner->run(Object(Cake\Http\MiddlewareQueue), Object(Cake\Http\ServerRequest), Object(Cake\Http\Response))
#17 D:\xampp\htdocs\health\webroot\index.php(37): Cake\Http\Server->run()
#18 {main}


2017-07-14 12:40:52 Error: [InvalidArgumentException] Missing client credentials key [identifier] from options.
Request URL: /auth/twitter
Stack Trace:
#0 D:\xampp\htdocs\health\vendor\league\oauth1-client\src\Client\Server\Server.php(63): League\OAuth1\Client\Server\Server->createClientCredentials(Array)
#1 D:\xampp\htdocs\health\vendor\cakedc\users\src\Controller\Traits\LoginTrait.php(48): League\OAuth1\Client\Server\Server->__construct(Array)
#2 D:\xampp\htdocs\health\vendor\cakephp\cakephp\src\Controller\Controller.php(440): CakeDC\Users\Controller\UsersController->twitterLogin()
#3 D:\xampp\htdocs\health\vendor\cakephp\cakephp\src\Http\ActionDispatcher.php(119): Cake\Controller\Controller->invokeAction()
#4 D:\xampp\htdocs\health\vendor\cakephp\cakephp\src\Http\ActionDispatcher.php(93): Cake\Http\ActionDispatcher->_invoke(Object(CakeDC\Users\Controller\UsersController))
#5 D:\xampp\htdocs\health\vendor\cakephp\cakephp\src\Http\BaseApplication.php(78): Cake\Http\ActionDispatcher->dispatch(Object(Cake\Http\ServerRequest), Object(Cake\Http\Response))
#6 D:\xampp\htdocs\health\vendor\cakephp\cakephp\src\Http\Runner.php(65): Cake\Http\BaseApplication->__invoke(Object(Cake\Http\ServerRequest), Object(Cake\Http\Response), Object(Cake\Http\Runner))
#7 D:\xampp\htdocs\health\vendor\cakephp\cakephp\src\Routing\Middleware\RoutingMiddleware.php(59): Cake\Http\Runner->__invoke(Object(Cake\Http\ServerRequest), Object(Cake\Http\Response))
#8 D:\xampp\htdocs\health\vendor\cakephp\cakephp\src\Http\Runner.php(65): Cake\Routing\Middleware\RoutingMiddleware->__invoke(Object(Cake\Http\ServerRequest), Object(Cake\Http\Response), Object(Cake\Http\Runner))
#9 D:\xampp\htdocs\health\vendor\cakephp\cakephp\src\Routing\Middleware\AssetMiddleware.php(88): Cake\Http\Runner->__invoke(Object(Cake\Http\ServerRequest), Object(Cake\Http\Response))
#10 D:\xampp\htdocs\health\vendor\cakephp\cakephp\src\Http\Runner.php(65): Cake\Routing\Middleware\AssetMiddleware->__invoke(Object(Cake\Http\ServerRequest), Object(Cake\Http\Response), Object(Cake\Http\Runner))
#11 D:\xampp\htdocs\health\vendor\cakephp\cakephp\src\Error\Middleware\ErrorHandlerMiddleware.php(92): Cake\Http\Runner->__invoke(Object(Cake\Http\ServerRequest), Object(Cake\Http\Response))
#12 D:\xampp\htdocs\health\vendor\cakephp\cakephp\src\Http\Runner.php(65): Cake\Error\Middleware\ErrorHandlerMiddleware->__invoke(Object(Cake\Http\ServerRequest), Object(Cake\Http\Response), Object(Cake\Http\Runner))
#13 D:\xampp\htdocs\health\vendor\cakephp\debug_kit\src\Middleware\DebugKitMiddleware.php(52): Cake\Http\Runner->__invoke(Object(Cake\Http\ServerRequest), Object(Cake\Http\Response))
#14 D:\xampp\htdocs\health\vendor\cakephp\cakephp\src\Http\Runner.php(65): DebugKit\Middleware\DebugKitMiddleware->__invoke(Object(Cake\Http\ServerRequest), Object(Cake\Http\Response), Object(Cake\Http\Runner))
#15 D:\xampp\htdocs\health\vendor\cakephp\cakephp\src\Http\Runner.php(51): Cake\Http\Runner->__invoke(Object(Cake\Http\ServerRequest), Object(Cake\Http\Response))
#16 D:\xampp\htdocs\health\vendor\cakephp\cakephp\src\Http\Server.php(80): Cake\Http\Runner->run(Object(Cake\Http\MiddlewareQueue), Object(Cake\Http\ServerRequest), Object(Cake\Http\Response))
#17 D:\xampp\htdocs\health\webroot\index.php(37): Cake\Http\Server->run()
#18 {main}


2017-07-14 12:41:53 Error: [Cake\Routing\Exception\MissingControllerException] Controller class Verify could not be found.
Exception Attributes: array (
  'class' => 'Verify',
  'plugin' => false,
  'prefix' => false,
  '_ext' => false,
)
Request URL: /verify
Stack Trace:
#0 D:\xampp\htdocs\health\vendor\cakephp\cakephp\src\Http\ControllerFactory.php(70): Cake\Http\ControllerFactory->missingController(Object(Cake\Http\ServerRequest))
#1 D:\xampp\htdocs\health\vendor\cakephp\cakephp\src\Http\ActionDispatcher.php(90): Cake\Http\ControllerFactory->create(Object(Cake\Http\ServerRequest), Object(Cake\Http\Response))
#2 D:\xampp\htdocs\health\vendor\cakephp\cakephp\src\Http\BaseApplication.php(78): Cake\Http\ActionDispatcher->dispatch(Object(Cake\Http\ServerRequest), Object(Cake\Http\Response))
#3 D:\xampp\htdocs\health\vendor\cakephp\cakephp\src\Http\Runner.php(65): Cake\Http\BaseApplication->__invoke(Object(Cake\Http\ServerRequest), Object(Cake\Http\Response), Object(Cake\Http\Runner))
#4 D:\xampp\htdocs\health\vendor\cakephp\cakephp\src\Routing\Middleware\RoutingMiddleware.php(59): Cake\Http\Runner->__invoke(Object(Cake\Http\ServerRequest), Object(Cake\Http\Response))
#5 D:\xampp\htdocs\health\vendor\cakephp\cakephp\src\Http\Runner.php(65): Cake\Routing\Middleware\RoutingMiddleware->__invoke(Object(Cake\Http\ServerRequest), Object(Cake\Http\Response), Object(Cake\Http\Runner))
#6 D:\xampp\htdocs\health\vendor\cakephp\cakephp\src\Routing\Middleware\AssetMiddleware.php(88): Cake\Http\Runner->__invoke(Object(Cake\Http\ServerRequest), Object(Cake\Http\Response))
#7 D:\xampp\htdocs\health\vendor\cakephp\cakephp\src\Http\Runner.php(65): Cake\Routing\Middleware\AssetMiddleware->__invoke(Object(Cake\Http\ServerRequest), Object(Cake\Http\Response), Object(Cake\Http\Runner))
#8 D:\xampp\htdocs\health\vendor\cakephp\cakephp\src\Error\Middleware\ErrorHandlerMiddleware.php(92): Cake\Http\Runner->__invoke(Object(Cake\Http\ServerRequest), Object(Cake\Http\Response))
#9 D:\xampp\htdocs\health\vendor\cakephp\cakephp\src\Http\Runner.php(65): Cake\Error\Middleware\ErrorHandlerMiddleware->__invoke(Object(Cake\Http\ServerRequest), Object(Cake\Http\Response), Object(Cake\Http\Runner))
#10 D:\xampp\htdocs\health\vendor\cakephp\debug_kit\src\Middleware\DebugKitMiddleware.php(52): Cake\Http\Runner->__invoke(Object(Cake\Http\ServerRequest), Object(Cake\Http\Response))
#11 D:\xampp\htdocs\health\vendor\cakephp\cakephp\src\Http\Runner.php(65): DebugKit\Middleware\DebugKitMiddleware->__invoke(Object(Cake\Http\ServerRequest), Object(Cake\Http\Response), Object(Cake\Http\Runner))
#12 D:\xampp\htdocs\health\vendor\cakephp\cakephp\src\Http\Runner.php(51): Cake\Http\Runner->__invoke(Object(Cake\Http\ServerRequest), Object(Cake\Http\Response))
#13 D:\xampp\htdocs\health\vendor\cakephp\cakephp\src\Http\Server.php(80): Cake\Http\Runner->run(Object(Cake\Http\MiddlewareQueue), Object(Cake\Http\ServerRequest), Object(Cake\Http\Response))
#14 D:\xampp\htdocs\health\webroot\index.php(37): Cake\Http\Server->run()
#15 {main}


2017-07-14 12:43:05 Error: [Cake\Routing\Exception\MissingControllerException] Controller class Verify could not be found.
Exception Attributes: array (
  'class' => 'Verify',
  'plugin' => false,
  'prefix' => false,
  '_ext' => false,
)
Request URL: /verify
Stack Trace:
#0 D:\xampp\htdocs\health\vendor\cakephp\cakephp\src\Http\ControllerFactory.php(70): Cake\Http\ControllerFactory->missingController(Object(Cake\Http\ServerRequest))
#1 D:\xampp\htdocs\health\vendor\cakephp\cakephp\src\Http\ActionDispatcher.php(90): Cake\Http\ControllerFactory->create(Object(Cake\Http\ServerRequest), Object(Cake\Http\Response))
#2 D:\xampp\htdocs\health\vendor\cakephp\cakephp\src\Http\BaseApplication.php(78): Cake\Http\ActionDispatcher->dispatch(Object(Cake\Http\ServerRequest), Object(Cake\Http\Response))
#3 D:\xampp\htdocs\health\vendor\cakephp\cakephp\src\Http\Runner.php(65): Cake\Http\BaseApplication->__invoke(Object(Cake\Http\ServerRequest), Object(Cake\Http\Response), Object(Cake\Http\Runner))
#4 D:\xampp\htdocs\health\vendor\cakephp\cakephp\src\Routing\Middleware\RoutingMiddleware.php(59): Cake\Http\Runner->__invoke(Object(Cake\Http\ServerRequest), Object(Cake\Http\Response))
#5 D:\xampp\htdocs\health\vendor\cakephp\cakephp\src\Http\Runner.php(65): Cake\Routing\Middleware\RoutingMiddleware->__invoke(Object(Cake\Http\ServerRequest), Object(Cake\Http\Response), Object(Cake\Http\Runner))
#6 D:\xampp\htdocs\health\vendor\cakephp\cakephp\src\Routing\Middleware\AssetMiddleware.php(88): Cake\Http\Runner->__invoke(Object(Cake\Http\ServerRequest), Object(Cake\Http\Response))
#7 D:\xampp\htdocs\health\vendor\cakephp\cakephp\src\Http\Runner.php(65): Cake\Routing\Middleware\AssetMiddleware->__invoke(Object(Cake\Http\ServerRequest), Object(Cake\Http\Response), Object(Cake\Http\Runner))
#8 D:\xampp\htdocs\health\vendor\cakephp\cakephp\src\Error\Middleware\ErrorHandlerMiddleware.php(92): Cake\Http\Runner->__invoke(Object(Cake\Http\ServerRequest), Object(Cake\Http\Response))
#9 D:\xampp\htdocs\health\vendor\cakephp\cakephp\src\Http\Runner.php(65): Cake\Error\Middleware\ErrorHandlerMiddleware->__invoke(Object(Cake\Http\ServerRequest), Object(Cake\Http\Response), Object(Cake\Http\Runner))
#10 D:\xampp\htdocs\health\vendor\cakephp\debug_kit\src\Middleware\DebugKitMiddleware.php(52): Cake\Http\Runner->__invoke(Object(Cake\Http\ServerRequest), Object(Cake\Http\Response))
#11 D:\xampp\htdocs\health\vendor\cakephp\cakephp\src\Http\Runner.php(65): DebugKit\Middleware\DebugKitMiddleware->__invoke(Object(Cake\Http\ServerRequest), Object(Cake\Http\Response), Object(Cake\Http\Runner))
#12 D:\xampp\htdocs\health\vendor\cakephp\cakephp\src\Http\Runner.php(51): Cake\Http\Runner->__invoke(Object(Cake\Http\ServerRequest), Object(Cake\Http\Response))
#13 D:\xampp\htdocs\health\vendor\cakephp\cakephp\src\Http\Server.php(80): Cake\Http\Runner->run(Object(Cake\Http\MiddlewareQueue), Object(Cake\Http\ServerRequest), Object(Cake\Http\Response))
#14 D:\xampp\htdocs\health\webroot\index.php(37): Cake\Http\Server->run()
#15 {main}


2017-07-14 12:43:11 Error: [CakeDC\Users\Auth\Exception\MissingProviderConfigurationException] 
Request URL: /users/users/verify
Stack Trace:
#0 D:\xampp\htdocs\health\vendor\cakedc\users\src\Auth\SocialAuthenticate.php(74): CakeDC\Users\Auth\SocialAuthenticate->normalizeConfig(Array, false)
#1 D:\xampp\htdocs\health\vendor\cakephp\cakephp\src\Controller\Component\AuthComponent.php(868): CakeDC\Users\Auth\SocialAuthenticate->__construct(Object(Cake\Controller\ComponentRegistry), Array)
#2 D:\xampp\htdocs\health\vendor\cakephp\cakephp\src\Controller\Component\AuthComponent.php(817): Cake\Controller\Component\AuthComponent->constructAuthenticate()
#3 D:\xampp\htdocs\health\vendor\cakedc\users\src\Controller\Component\RememberMeComponent.php(142): Cake\Controller\Component\AuthComponent->identify()
#4 D:\xampp\htdocs\health\vendor\cakephp\cakephp\src\Event\EventManager.php(414): CakeDC\Users\Controller\Component\RememberMeComponent->beforeFilter(Object(Cake\Event\Event))
#5 D:\xampp\htdocs\health\vendor\cakephp\cakephp\src\Event\EventManager.php(391): Cake\Event\EventManager->_callListener(Array, Object(Cake\Event\Event))
#6 D:\xampp\htdocs\health\vendor\cakephp\cakephp\src\Event\EventDispatcherTrait.php(78): Cake\Event\EventManager->dispatch(Object(Cake\Event\Event))
#7 D:\xampp\htdocs\health\vendor\cakephp\cakephp\src\Controller\Controller.php(502): Cake\Controller\Controller->dispatchEvent('Controller.init...')
#8 D:\xampp\htdocs\health\vendor\cakephp\cakephp\src\Http\ActionDispatcher.php(114): Cake\Controller\Controller->startupProcess()
#9 D:\xampp\htdocs\health\vendor\cakephp\cakephp\src\Http\ActionDispatcher.php(93): Cake\Http\ActionDispatcher->_invoke(Object(CakeDC\Users\Controller\UsersController))
#10 D:\xampp\htdocs\health\vendor\cakephp\cakephp\src\Http\BaseApplication.php(78): Cake\Http\ActionDispatcher->dispatch(Object(Cake\Http\ServerRequest), Object(Cake\Http\Response))
#11 D:\xampp\htdocs\health\vendor\cakephp\cakephp\src\Http\Runner.php(65): Cake\Http\BaseApplication->__invoke(Object(Cake\Http\ServerRequest), Object(Cake\Http\Response), Object(Cake\Http\Runner))
#12 D:\xampp\htdocs\health\vendor\cakephp\cakephp\src\Routing\Middleware\RoutingMiddleware.php(59): Cake\Http\Runner->__invoke(Object(Cake\Http\ServerRequest), Object(Cake\Http\Response))
#13 D:\xampp\htdocs\health\vendor\cakephp\cakephp\src\Http\Runner.php(65): Cake\Routing\Middleware\RoutingMiddleware->__invoke(Object(Cake\Http\ServerRequest), Object(Cake\Http\Response), Object(Cake\Http\Runner))
#14 D:\xampp\htdocs\health\vendor\cakephp\cakephp\src\Routing\Middleware\AssetMiddleware.php(88): Cake\Http\Runner->__invoke(Object(Cake\Http\ServerRequest), Object(Cake\Http\Response))
#15 D:\xampp\htdocs\health\vendor\cakephp\cakephp\src\Http\Runner.php(65): Cake\Routing\Middleware\AssetMiddleware->__invoke(Object(Cake\Http\ServerRequest), Object(Cake\Http\Response), Object(Cake\Http\Runner))
#16 D:\xampp\htdocs\health\vendor\cakephp\cakephp\src\Error\Middleware\ErrorHandlerMiddleware.php(92): Cake\Http\Runner->__invoke(Object(Cake\Http\ServerRequest), Object(Cake\Http\Response))
#17 D:\xampp\htdocs\health\vendor\cakephp\cakephp\src\Http\Runner.php(65): Cake\Error\Middleware\ErrorHandlerMiddleware->__invoke(Object(Cake\Http\ServerRequest), Object(Cake\Http\Response), Object(Cake\Http\Runner))
#18 D:\xampp\htdocs\health\vendor\cakephp\debug_kit\src\Middleware\DebugKitMiddleware.php(52): Cake\Http\Runner->__invoke(Object(Cake\Http\ServerRequest), Object(Cake\Http\Response))
#19 D:\xampp\htdocs\health\vendor\cakephp\cakephp\src\Http\Runner.php(65): DebugKit\Middleware\DebugKitMiddleware->__invoke(Object(Cake\Http\ServerRequest), Object(Cake\Http\Response), Object(Cake\Http\Runner))
#20 D:\xampp\htdocs\health\vendor\cakephp\cakephp\src\Http\Runner.php(51): Cake\Http\Runner->__invoke(Object(Cake\Http\ServerRequest), Object(Cake\Http\Response))
#21 D:\xampp\htdocs\health\vendor\cakephp\cakephp\src\Http\Server.php(80): Cake\Http\Runner->run(Object(Cake\Http\MiddlewareQueue), Object(Cake\Http\ServerRequest), Object(Cake\Http\Response))
#22 D:\xampp\htdocs\health\webroot\index.php(37): Cake\Http\Server->run()
#23 {main}


2017-07-14 12:50:17 Error: [CakeDC\Users\Auth\Exception\MissingProviderConfigurationException] 
Request URL: /login
Stack Trace:
#0 D:\xampp\htdocs\health\vendor\cakedc\users\src\Auth\SocialAuthenticate.php(74): CakeDC\Users\Auth\SocialAuthenticate->normalizeConfig(Array, false)
#1 D:\xampp\htdocs\health\vendor\cakephp\cakephp\src\Controller\Component\AuthComponent.php(868): CakeDC\Users\Auth\SocialAuthenticate->__construct(Object(Cake\Controller\ComponentRegistry), Array)
#2 D:\xampp\htdocs\health\vendor\cakephp\cakephp\src\Controller\Component\AuthComponent.php(817): Cake\Controller\Component\AuthComponent->constructAuthenticate()
#3 D:\xampp\htdocs\health\vendor\cakedc\users\src\Controller\Component\RememberMeComponent.php(142): Cake\Controller\Component\AuthComponent->identify()
#4 D:\xampp\htdocs\health\vendor\cakephp\cakephp\src\Event\EventManager.php(414): CakeDC\Users\Controller\Component\RememberMeComponent->beforeFilter(Object(Cake\Event\Event))
#5 D:\xampp\htdocs\health\vendor\cakephp\cakephp\src\Event\EventManager.php(391): Cake\Event\EventManager->_callListener(Array, Object(Cake\Event\Event))
#6 D:\xampp\htdocs\health\vendor\cakephp\cakephp\src\Event\EventDispatcherTrait.php(78): Cake\Event\EventManager->dispatch(Object(Cake\Event\Event))
#7 D:\xampp\htdocs\health\vendor\cakephp\cakephp\src\Controller\Controller.php(502): Cake\Controller\Controller->dispatchEvent('Controller.init...')
#8 D:\xampp\htdocs\health\vendor\cakephp\cakephp\src\Http\ActionDispatcher.php(114): Cake\Controller\Controller->startupProcess()
#9 D:\xampp\htdocs\health\vendor\cakephp\cakephp\src\Http\ActionDispatcher.php(93): Cake\Http\ActionDispatcher->_invoke(Object(CakeDC\Users\Controller\UsersController))
#10 D:\xampp\htdocs\health\vendor\cakephp\cakephp\src\Http\BaseApplication.php(78): Cake\Http\ActionDispatcher->dispatch(Object(Cake\Http\ServerRequest), Object(Cake\Http\Response))
#11 D:\xampp\htdocs\health\vendor\cakephp\cakephp\src\Http\Runner.php(65): Cake\Http\BaseApplication->__invoke(Object(Cake\Http\ServerRequest), Object(Cake\Http\Response), Object(Cake\Http\Runner))
#12 D:\xampp\htdocs\health\vendor\cakephp\cakephp\src\Routing\Middleware\RoutingMiddleware.php(59): Cake\Http\Runner->__invoke(Object(Cake\Http\ServerRequest), Object(Cake\Http\Response))
#13 D:\xampp\htdocs\health\vendor\cakephp\cakephp\src\Http\Runner.php(65): Cake\Routing\Middleware\RoutingMiddleware->__invoke(Object(Cake\Http\ServerRequest), Object(Cake\Http\Response), Object(Cake\Http\Runner))
#14 D:\xampp\htdocs\health\vendor\cakephp\cakephp\src\Routing\Middleware\AssetMiddleware.php(88): Cake\Http\Runner->__invoke(Object(Cake\Http\ServerRequest), Object(Cake\Http\Response))
#15 D:\xampp\htdocs\health\vendor\cakephp\cakephp\src\Http\Runner.php(65): Cake\Routing\Middleware\AssetMiddleware->__invoke(Object(Cake\Http\ServerRequest), Object(Cake\Http\Response), Object(Cake\Http\Runner))
#16 D:\xampp\htdocs\health\vendor\cakephp\cakephp\src\Error\Middleware\ErrorHandlerMiddleware.php(92): Cake\Http\Runner->__invoke(Object(Cake\Http\ServerRequest), Object(Cake\Http\Response))
#17 D:\xampp\htdocs\health\vendor\cakephp\cakephp\src\Http\Runner.php(65): Cake\Error\Middleware\ErrorHandlerMiddleware->__invoke(Object(Cake\Http\ServerRequest), Object(Cake\Http\Response), Object(Cake\Http\Runner))
#18 D:\xampp\htdocs\health\vendor\cakephp\debug_kit\src\Middleware\DebugKitMiddleware.php(52): Cake\Http\Runner->__invoke(Object(Cake\Http\ServerRequest), Object(Cake\Http\Response))
#19 D:\xampp\htdocs\health\vendor\cakephp\cakephp\src\Http\Runner.php(65): DebugKit\Middleware\DebugKitMiddleware->__invoke(Object(Cake\Http\ServerRequest), Object(Cake\Http\Response), Object(Cake\Http\Runner))
#20 D:\xampp\htdocs\health\vendor\cakephp\cakephp\src\Http\Runner.php(51): Cake\Http\Runner->__invoke(Object(Cake\Http\ServerRequest), Object(Cake\Http\Response))
#21 D:\xampp\htdocs\health\vendor\cakephp\cakephp\src\Http\Server.php(80): Cake\Http\Runner->run(Object(Cake\Http\MiddlewareQueue), Object(Cake\Http\ServerRequest), Object(Cake\Http\Response))
#22 D:\xampp\htdocs\health\webroot\index.php(37): Cake\Http\Server->run()
#23 {main}


2017-07-14 12:50:20 Error: [CakeDC\Users\Auth\Exception\MissingProviderConfigurationException] 
Request URL: /login
Stack Trace:
#0 D:\xampp\htdocs\health\vendor\cakedc\users\src\Auth\SocialAuthenticate.php(74): CakeDC\Users\Auth\SocialAuthenticate->normalizeConfig(Array, false)
#1 D:\xampp\htdocs\health\vendor\cakephp\cakephp\src\Controller\Component\AuthComponent.php(868): CakeDC\Users\Auth\SocialAuthenticate->__construct(Object(Cake\Controller\ComponentRegistry), Array)
#2 D:\xampp\htdocs\health\vendor\cakephp\cakephp\src\Controller\Component\AuthComponent.php(817): Cake\Controller\Component\AuthComponent->constructAuthenticate()
#3 D:\xampp\htdocs\health\vendor\cakedc\users\src\Controller\Component\RememberMeComponent.php(142): Cake\Controller\Component\AuthComponent->identify()
#4 D:\xampp\htdocs\health\vendor\cakephp\cakephp\src\Event\EventManager.php(414): CakeDC\Users\Controller\Component\RememberMeComponent->beforeFilter(Object(Cake\Event\Event))
#5 D:\xampp\htdocs\health\vendor\cakephp\cakephp\src\Event\EventManager.php(391): Cake\Event\EventManager->_callListener(Array, Object(Cake\Event\Event))
#6 D:\xampp\htdocs\health\vendor\cakephp\cakephp\src\Event\EventDispatcherTrait.php(78): Cake\Event\EventManager->dispatch(Object(Cake\Event\Event))
#7 D:\xampp\htdocs\health\vendor\cakephp\cakephp\src\Controller\Controller.php(502): Cake\Controller\Controller->dispatchEvent('Controller.init...')
#8 D:\xampp\htdocs\health\vendor\cakephp\cakephp\src\Http\ActionDispatcher.php(114): Cake\Controller\Controller->startupProcess()
#9 D:\xampp\htdocs\health\vendor\cakephp\cakephp\src\Http\ActionDispatcher.php(93): Cake\Http\ActionDispatcher->_invoke(Object(CakeDC\Users\Controller\UsersController))
#10 D:\xampp\htdocs\health\vendor\cakephp\cakephp\src\Http\BaseApplication.php(78): Cake\Http\ActionDispatcher->dispatch(Object(Cake\Http\ServerRequest), Object(Cake\Http\Response))
#11 D:\xampp\htdocs\health\vendor\cakephp\cakephp\src\Http\Runner.php(65): Cake\Http\BaseApplication->__invoke(Object(Cake\Http\ServerRequest), Object(Cake\Http\Response), Object(Cake\Http\Runner))
#12 D:\xampp\htdocs\health\vendor\cakephp\cakephp\src\Routing\Middleware\RoutingMiddleware.php(59): Cake\Http\Runner->__invoke(Object(Cake\Http\ServerRequest), Object(Cake\Http\Response))
#13 D:\xampp\htdocs\health\vendor\cakephp\cakephp\src\Http\Runner.php(65): Cake\Routing\Middleware\RoutingMiddleware->__invoke(Object(Cake\Http\ServerRequest), Object(Cake\Http\Response), Object(Cake\Http\Runner))
#14 D:\xampp\htdocs\health\vendor\cakephp\cakephp\src\Routing\Middleware\AssetMiddleware.php(88): Cake\Http\Runner->__invoke(Object(Cake\Http\ServerRequest), Object(Cake\Http\Response))
#15 D:\xampp\htdocs\health\vendor\cakephp\cakephp\src\Http\Runner.php(65): Cake\Routing\Middleware\AssetMiddleware->__invoke(Object(Cake\Http\ServerRequest), Object(Cake\Http\Response), Object(Cake\Http\Runner))
#16 D:\xampp\htdocs\health\vendor\cakephp\cakephp\src\Error\Middleware\ErrorHandlerMiddleware.php(92): Cake\Http\Runner->__invoke(Object(Cake\Http\ServerRequest), Object(Cake\Http\Response))
#17 D:\xampp\htdocs\health\vendor\cakephp\cakephp\src\Http\Runner.php(65): Cake\Error\Middleware\ErrorHandlerMiddleware->__invoke(Object(Cake\Http\ServerRequest), Object(Cake\Http\Response), Object(Cake\Http\Runner))
#18 D:\xampp\htdocs\health\vendor\cakephp\debug_kit\src\Middleware\DebugKitMiddleware.php(52): Cake\Http\Runner->__invoke(Object(Cake\Http\ServerRequest), Object(Cake\Http\Response))
#19 D:\xampp\htdocs\health\vendor\cakephp\cakephp\src\Http\Runner.php(65): DebugKit\Middleware\DebugKitMiddleware->__invoke(Object(Cake\Http\ServerRequest), Object(Cake\Http\Response), Object(Cake\Http\Runner))
#20 D:\xampp\htdocs\health\vendor\cakephp\cakephp\src\Http\Runner.php(51): Cake\Http\Runner->__invoke(Object(Cake\Http\ServerRequest), Object(Cake\Http\Response))
#21 D:\xampp\htdocs\health\vendor\cakephp\cakephp\src\Http\Server.php(80): Cake\Http\Runner->run(Object(Cake\Http\MiddlewareQueue), Object(Cake\Http\ServerRequest), Object(Cake\Http\Response))
#22 D:\xampp\htdocs\health\webroot\index.php(37): Cake\Http\Server->run()
#23 {main}


2017-07-17 14:29:49 Warning: Warning (2): include(D:\xampp\htdocs\health/vendor/friendsofcake/bootstrap-ui/config\bootstrap.php): failed to open stream: No such file or directory in [D:\xampp\htdocs\health\vendor\cakephp\cakephp\src\Core\Plugin.php, line 400]
Trace:
Cake\Error\BaseErrorHandler::handleError() - CORE\src\Error\BaseErrorHandler.php, line 153
Cake\Core\Plugin::_includeFile() - CORE\src\Core\Plugin.php, line 400
Cake\Core\Plugin::_includeFile() - CORE\src\Core\Plugin.php, line 400
Cake\Core\Plugin::bootstrap() - CORE\src\Core\Plugin.php, line 322
Cake\Core\Plugin::load() - CORE\src\Core\Plugin.php, line 175
require_once - ROOT\config\bootstrap.php, line 227
Cake\Http\BaseApplication::bootstrap() - CORE\src\Http\BaseApplication.php, line 61
Cake\Http\Server::run() - CORE\src\Http\Server.php, line 70
[main] - ROOT\webroot\index.php, line 37



2017-07-17 14:29:49 Warning: Warning (2): include() [<a href='https://secure.php.net/function.include'>function.include</a>]: Failed opening 'D:\xampp\htdocs\health/vendor/friendsofcake/bootstrap-ui/config\bootstrap.php' for inclusion (include_path='D:\xampp\php\PEAR') in [D:\xampp\htdocs\health\vendor\cakephp\cakephp\src\Core\Plugin.php, line 400]
Trace:
Cake\Error\BaseErrorHandler::handleError() - CORE\src\Error\BaseErrorHandler.php, line 153
Cake\Core\Plugin::_includeFile() - CORE\src\Core\Plugin.php, line 400
Cake\Core\Plugin::_includeFile() - CORE\src\Core\Plugin.php, line 400
Cake\Core\Plugin::bootstrap() - CORE\src\Core\Plugin.php, line 322
Cake\Core\Plugin::load() - CORE\src\Core\Plugin.php, line 175
require_once - ROOT\config\bootstrap.php, line 227
Cake\Http\BaseApplication::bootstrap() - CORE\src\Http\BaseApplication.php, line 61
Cake\Http\Server::run() - CORE\src\Http\Server.php, line 70
[main] - ROOT\webroot\index.php, line 37



2017-07-17 14:29:51 Warning: Warning (2): include(D:\xampp\htdocs\health/vendor/friendsofcake/bootstrap-ui/config\routes.php) [<a href='https://secure.php.net/function.include'>function.include</a>]: failed to open stream: No such file or directory in [D:\xampp\htdocs\health\vendor\cakephp\cakephp\src\Core\Plugin.php, line 400]
Trace:
Cake\Error\BaseErrorHandler::handleError() - CORE\src\Error\BaseErrorHandler.php, line 153
Cake\Core\Plugin::_includeFile() - CORE\src\Core\Plugin.php, line 400
Cake\Core\Plugin::_includeFile() - CORE\src\Core\Plugin.php, line 400
Cake\Core\Plugin::routes() - CORE\src\Core\Plugin.php, line 350
Cake\Core\Plugin::routes() - CORE\src\Core\Plugin.php, line 337
include - ROOT\config\routes.php, line 82
Cake\Routing\Router::_loadRoutes() - CORE\src\Routing\Router.php, line 1061
Cake\Routing\Router::parseRequest() - CORE\src\Routing\Router.php, line 365
Cake\Routing\Middleware\RoutingMiddleware::__invoke() - CORE\src\Routing\Middleware\RoutingMiddleware.php, line 48
Cake\Http\Runner::__invoke() - CORE\src\Http\Runner.php, line 65
Cake\Routing\Middleware\AssetMiddleware::__invoke() - CORE\src\Routing\Middleware\AssetMiddleware.php, line 88
Cake\Http\Runner::__invoke() - CORE\src\Http\Runner.php, line 65
Cake\Error\Middleware\ErrorHandlerMiddleware::__invoke() - CORE\src\Error\Middleware\ErrorHandlerMiddleware.php, line 92
Cake\Http\Runner::__invoke() - CORE\src\Http\Runner.php, line 65
DebugKit\Middleware\DebugKitMiddleware::__invoke() - ROOT\vendor\cakephp\debug_kit\src\Middleware\DebugKitMiddleware.php, line 52
Cake\Http\Runner::__invoke() - CORE\src\Http\Runner.php, line 65
Cake\Http\Runner::run() - CORE\src\Http\Runner.php, line 51
Cake\Http\Server::run() - CORE\src\Http\Server.php, line 80
[main] - ROOT\webroot\index.php, line 37



2017-07-17 14:29:51 Warning: Warning (2): include() [<a href='https://secure.php.net/function.include'>function.include</a>]: Failed opening 'D:\xampp\htdocs\health/vendor/friendsofcake/bootstrap-ui/config\routes.php' for inclusion (include_path='D:\xampp\php\PEAR') in [D:\xampp\htdocs\health\vendor\cakephp\cakephp\src\Core\Plugin.php, line 400]
Trace:
Cake\Error\BaseErrorHandler::handleError() - CORE\src\Error\BaseErrorHandler.php, line 153
Cake\Core\Plugin::_includeFile() - CORE\src\Core\Plugin.php, line 400
Cake\Core\Plugin::_includeFile() - CORE\src\Core\Plugin.php, line 400
Cake\Core\Plugin::routes() - CORE\src\Core\Plugin.php, line 350
Cake\Core\Plugin::routes() - CORE\src\Core\Plugin.php, line 337
include - ROOT\config\routes.php, line 82
Cake\Routing\Router::_loadRoutes() - CORE\src\Routing\Router.php, line 1061
Cake\Routing\Router::parseRequest() - CORE\src\Routing\Router.php, line 365
Cake\Routing\Middleware\RoutingMiddleware::__invoke() - CORE\src\Routing\Middleware\RoutingMiddleware.php, line 48
Cake\Http\Runner::__invoke() - CORE\src\Http\Runner.php, line 65
Cake\Routing\Middleware\AssetMiddleware::__invoke() - CORE\src\Routing\Middleware\AssetMiddleware.php, line 88
Cake\Http\Runner::__invoke() - CORE\src\Http\Runner.php, line 65
Cake\Error\Middleware\ErrorHandlerMiddleware::__invoke() - CORE\src\Error\Middleware\ErrorHandlerMiddleware.php, line 92
Cake\Http\Runner::__invoke() - CORE\src\Http\Runner.php, line 65
DebugKit\Middleware\DebugKitMiddleware::__invoke() - ROOT\vendor\cakephp\debug_kit\src\Middleware\DebugKitMiddleware.php, line 52
Cake\Http\Runner::__invoke() - CORE\src\Http\Runner.php, line 65
Cake\Http\Runner::run() - CORE\src\Http\Runner.php, line 51
Cake\Http\Server::run() - CORE\src\Http\Server.php, line 80
[main] - ROOT\webroot\index.php, line 37



2017-07-17 14:29:55 Warning: Warning (512): Unable to emit headers. Headers sent in file=D:\xampp\htdocs\health\vendor\cakephp\cakephp\src\Error\Debugger.php line=822 in [D:\xampp\htdocs\health\vendor\cakephp\cakephp\src\Http\ResponseEmitter.php, line 48]
Request URL: /
Client IP: 127.0.0.1
Trace:
Cake\Error\BaseErrorHandler::handleError() - CORE\src\Error\BaseErrorHandler.php, line 153
Cake\Http\ResponseEmitter::emit() - CORE\src\Http\ResponseEmitter.php, line 48
Cake\Http\Server::emit() - CORE\src\Http\Server.php, line 105
[main] - ROOT\webroot\index.php, line 37



2017-07-17 14:29:55 Warning: Warning (2): Cannot modify header information - headers already sent by (output started at D:\xampp\htdocs\health\vendor\cakephp\cakephp\src\Error\Debugger.php:822) in [D:\xampp\htdocs\health\vendor\cakephp\cakephp\src\Http\ResponseEmitter.php, line 149]
Request URL: /
Client IP: 127.0.0.1
Trace:
Cake\Error\BaseErrorHandler::handleError() - CORE\src\Error\BaseErrorHandler.php, line 153
header - [internal], line ??
Cake\Http\ResponseEmitter::emitStatusLine() - CORE\src\Http\ResponseEmitter.php, line 149
Cake\Http\ResponseEmitter::emit() - CORE\src\Http\ResponseEmitter.php, line 54
Cake\Http\Server::emit() - CORE\src\Http\Server.php, line 105
[main] - ROOT\webroot\index.php, line 37



2017-07-17 14:29:55 Warning: Warning (2): Cannot modify header information - headers already sent by (output started at D:\xampp\htdocs\health\vendor\cakephp\cakephp\src\Error\Debugger.php:822) in [D:\xampp\htdocs\health\vendor\cakephp\cakephp\src\Http\ResponseEmitter.php, line 181]
Request URL: /
Client IP: 127.0.0.1
Trace:
Cake\Error\BaseErrorHandler::handleError() - CORE\src\Error\BaseErrorHandler.php, line 153
header - [internal], line ??
Cake\Http\ResponseEmitter::emitHeaders() - CORE\src\Http\ResponseEmitter.php, line 181
Cake\Http\ResponseEmitter::emit() - CORE\src\Http\ResponseEmitter.php, line 55
Cake\Http\Server::emit() - CORE\src\Http\Server.php, line 105
[main] - ROOT\webroot\index.php, line 37



2017-07-17 14:29:55 Warning: Warning (2): Cannot modify header information - headers already sent by (output started at D:\xampp\htdocs\health\vendor\cakephp\cakephp\src\Error\Debugger.php:822) in [D:\xampp\htdocs\health\vendor\cakephp\cakephp\src\Http\ResponseEmitter.php, line 181]
Request URL: /
Client IP: 127.0.0.1
Trace:
Cake\Error\BaseErrorHandler::handleError() - CORE\src\Error\BaseErrorHandler.php, line 153
header - [internal], line ??
Cake\Http\ResponseEmitter::emitHeaders() - CORE\src\Http\ResponseEmitter.php, line 181
Cake\Http\ResponseEmitter::emit() - CORE\src\Http\ResponseEmitter.php, line 55
Cake\Http\Server::emit() - CORE\src\Http\Server.php, line 105
[main] - ROOT\webroot\index.php, line 37



2017-07-17 14:30:06 Error: Fatal Error (4): syntax error, unexpected '?' in [D:\xampp\htdocs\health\vendor\backstageel\cakephp-gentelella-theme\src\Template\Element\nav-top.ctp, line 29]
Request URL: /login
Client IP: 127.0.0.1
Trace:
Cake\Error\BaseErrorHandler::handleFatalError() - CORE\src\Error\BaseErrorHandler.php, line 223
Cake\Error\BaseErrorHandler::Cake\Error\{closure}() - CORE\src\Error\BaseErrorHandler.php, line 105
[main] - [internal], line ??



2017-07-17 14:30:07 Error: [Cake\Error\FatalErrorException] syntax error, unexpected '?' in D:\xampp\htdocs\health\vendor\backstageel\cakephp-gentelella-theme\src\Template\Element\nav-top.ctp on line 29
Request URL: /login
Client IP: 127.0.0.1
Stack Trace:
#0 D:\xampp\htdocs\health\vendor\cakephp\cakephp\src\Error\BaseErrorHandler.php(105): Cake\Error\BaseErrorHandler->handleFatalError(4, 'syntax error, u...', 'D:\\xampp\\htdocs...', 29)
#1 [internal function]: Cake\Error\BaseErrorHandler->Cake\Error\{closure}()
#2 {main}


